{"/Users/sadiqaderinto/Downloads/codematic-3/src/controllers/comment.controller.js": {"path":"/Users/sadiqaderinto/Downloads/codematic-3/src/controllers/comment.controller.js","statementMap":{"0":{"start":{"line":1,"column":20},"end":{"line":1,"column":58}},"1":{"start":{"line":2,"column":17},"end":{"line":2,"column":45}},"2":{"start":{"line":6,"column":19},"end":{"line":6,"column":36}},"3":{"start":{"line":7,"column":19},"end":{"line":7,"column":61}},"4":{"start":{"line":8,"column":4},"end":{"line":8,"column":62}},"5":{"start":{"line":12,"column":19},"end":{"line":12,"column":35}},"6":{"start":{"line":14,"column":19},"end":{"line":14,"column":51}},"7":{"start":{"line":16,"column":4},"end":{"line":16,"column":59}},"8":{"start":{"line":20,"column":19},"end":{"line":20,"column":65}},"9":{"start":{"line":21,"column":4},"end":{"line":21,"column":59}},"10":{"start":{"line":25,"column":19},"end":{"line":25,"column":75}},"11":{"start":{"line":26,"column":4},"end":{"line":26,"column":62}},"12":{"start":{"line":30,"column":19},"end":{"line":30,"column":65}},"13":{"start":{"line":31,"column":4},"end":{"line":31,"column":62}},"14":{"start":{"line":35,"column":0},"end":{"line":35,"column":40}}},"fnMap":{"0":{"name":"(anonymous_0)","decl":{"start":{"line":5,"column":2},"end":{"line":5,"column":3}},"loc":{"start":{"line":5,"column":25},"end":{"line":9,"column":3}},"line":5},"1":{"name":"(anonymous_1)","decl":{"start":{"line":11,"column":2},"end":{"line":11,"column":3}},"loc":{"start":{"line":11,"column":25},"end":{"line":17,"column":3}},"line":11},"2":{"name":"(anonymous_2)","decl":{"start":{"line":19,"column":2},"end":{"line":19,"column":3}},"loc":{"start":{"line":19,"column":25},"end":{"line":22,"column":3}},"line":19},"3":{"name":"(anonymous_3)","decl":{"start":{"line":24,"column":2},"end":{"line":24,"column":3}},"loc":{"start":{"line":24,"column":25},"end":{"line":27,"column":3}},"line":24},"4":{"name":"(anonymous_4)","decl":{"start":{"line":29,"column":2},"end":{"line":29,"column":3}},"loc":{"start":{"line":29,"column":25},"end":{"line":32,"column":3}},"line":29}},"branchMap":{},"s":{"0":2,"1":2,"2":1,"3":1,"4":1,"5":1,"6":1,"7":1,"8":1,"9":1,"10":0,"11":0,"12":0,"13":0,"14":2},"f":{"0":1,"1":1,"2":1,"3":0,"4":0},"b":{},"_coverageSchema":"1a1c01bbd47fc00a2c39e90264f33305004495a9","hash":"9e8c0a5a1e7266f4221591e038d82547da41ed2f"}
,"/Users/sadiqaderinto/Downloads/codematic-3/src/controllers/film.controller.js": {"path":"/Users/sadiqaderinto/Downloads/codematic-3/src/controllers/film.controller.js","statementMap":{"0":{"start":{"line":1,"column":17},"end":{"line":1,"column":52}},"1":{"start":{"line":2,"column":17},"end":{"line":2,"column":45}},"2":{"start":{"line":6,"column":19},"end":{"line":6,"column":50}},"3":{"start":{"line":7,"column":4},"end":{"line":7,"column":59}},"4":{"start":{"line":11,"column":19},"end":{"line":11,"column":42}},"5":{"start":{"line":12,"column":4},"end":{"line":12,"column":56}},"6":{"start":{"line":16,"column":19},"end":{"line":16,"column":59}},"7":{"start":{"line":17,"column":4},"end":{"line":17,"column":56}},"8":{"start":{"line":21,"column":19},"end":{"line":21,"column":69}},"9":{"start":{"line":22,"column":4},"end":{"line":22,"column":59}},"10":{"start":{"line":26,"column":19},"end":{"line":26,"column":59}},"11":{"start":{"line":27,"column":4},"end":{"line":27,"column":59}},"12":{"start":{"line":31,"column":0},"end":{"line":31,"column":37}}},"fnMap":{"0":{"name":"(anonymous_0)","decl":{"start":{"line":5,"column":2},"end":{"line":5,"column":3}},"loc":{"start":{"line":5,"column":25},"end":{"line":8,"column":3}},"line":5},"1":{"name":"(anonymous_1)","decl":{"start":{"line":10,"column":2},"end":{"line":10,"column":3}},"loc":{"start":{"line":10,"column":25},"end":{"line":13,"column":3}},"line":10},"2":{"name":"(anonymous_2)","decl":{"start":{"line":15,"column":2},"end":{"line":15,"column":3}},"loc":{"start":{"line":15,"column":25},"end":{"line":18,"column":3}},"line":15},"3":{"name":"(anonymous_3)","decl":{"start":{"line":20,"column":2},"end":{"line":20,"column":3}},"loc":{"start":{"line":20,"column":25},"end":{"line":23,"column":3}},"line":20},"4":{"name":"(anonymous_4)","decl":{"start":{"line":25,"column":2},"end":{"line":25,"column":3}},"loc":{"start":{"line":25,"column":25},"end":{"line":28,"column":3}},"line":25}},"branchMap":{},"s":{"0":2,"1":2,"2":1,"3":1,"4":1,"5":1,"6":1,"7":1,"8":1,"9":1,"10":0,"11":0,"12":2},"f":{"0":1,"1":1,"2":1,"3":1,"4":0},"b":{},"_coverageSchema":"1a1c01bbd47fc00a2c39e90264f33305004495a9","hash":"01a21ee30e4bc9ad28270b425ae9e62d51c25f99"}
,"/Users/sadiqaderinto/Downloads/codematic-3/src/models/comment.model.js": {"path":"/Users/sadiqaderinto/Downloads/codematic-3/src/models/comment.model.js","statementMap":{"0":{"start":{"line":1,"column":17},"end":{"line":1,"column":36}},"1":{"start":{"line":3,"column":13},"end":{"line":3,"column":36}},"2":{"start":{"line":4,"column":15},"end":{"line":4,"column":30}},"3":{"start":{"line":6,"column":22},"end":{"line":22,"column":1}},"4":{"start":{"line":24,"column":0},"end":{"line":29,"column":3}},"5":{"start":{"line":25,"column":15},"end":{"line":28,"column":3}},"6":{"start":{"line":30,"column":0},"end":{"line":35,"column":3}},"7":{"start":{"line":31,"column":15},"end":{"line":34,"column":3}},"8":{"start":{"line":37,"column":0},"end":{"line":37,"column":59}}},"fnMap":{"0":{"name":"(anonymous_0)","decl":{"start":{"line":24,"column":27},"end":{"line":24,"column":28}},"loc":{"start":{"line":24,"column":49},"end":{"line":29,"column":1}},"line":24},"1":{"name":"(anonymous_1)","decl":{"start":{"line":30,"column":29},"end":{"line":30,"column":30}},"loc":{"start":{"line":30,"column":51},"end":{"line":35,"column":1}},"line":30}},"branchMap":{},"s":{"0":3,"1":3,"2":3,"3":3,"4":3,"5":2,"6":3,"7":0,"8":3},"f":{"0":2,"1":0},"b":{},"_coverageSchema":"1a1c01bbd47fc00a2c39e90264f33305004495a9","hash":"a0691a7c53f5369a6cddb01b770b99439a5df211"}
,"/Users/sadiqaderinto/Downloads/codematic-3/src/models/film.model.js": {"path":"/Users/sadiqaderinto/Downloads/codematic-3/src/models/film.model.js","statementMap":{"0":{"start":{"line":1,"column":17},"end":{"line":1,"column":36}},"1":{"start":{"line":2,"column":15},"end":{"line":2,"column":30}},"2":{"start":{"line":4,"column":19},"end":{"line":21,"column":2}},"3":{"start":{"line":23,"column":0},"end":{"line":23,"column":53}}},"fnMap":{},"branchMap":{},"s":{"0":6,"1":6,"2":6,"3":6},"f":{},"b":{},"_coverageSchema":"1a1c01bbd47fc00a2c39e90264f33305004495a9","hash":"dac77c49599132cb78a3cf87fdd12e5cacac6402"}
,"/Users/sadiqaderinto/Downloads/codematic-3/src/routes/comment.route.js": {"path":"/Users/sadiqaderinto/Downloads/codematic-3/src/routes/comment.route.js","statementMap":{"0":{"start":{"line":1,"column":15},"end":{"line":1,"column":42}},"1":{"start":{"line":2,"column":20},"end":{"line":2,"column":66}},"2":{"start":{"line":4,"column":0},"end":{"line":4,"column":44}},"3":{"start":{"line":5,"column":0},"end":{"line":5,"column":36}},"4":{"start":{"line":7,"column":0},"end":{"line":7,"column":46}},"5":{"start":{"line":8,"column":0},"end":{"line":8,"column":46}},"6":{"start":{"line":9,"column":0},"end":{"line":9,"column":49}},"7":{"start":{"line":14,"column":0},"end":{"line":14,"column":23}}},"fnMap":{},"branchMap":{},"s":{"0":1,"1":1,"2":1,"3":1,"4":1,"5":1,"6":1,"7":1},"f":{},"b":{},"_coverageSchema":"1a1c01bbd47fc00a2c39e90264f33305004495a9","hash":"1d4b14f18e7449941b118b4c3b4fdc706999e165"}
,"/Users/sadiqaderinto/Downloads/codematic-3/src/routes/film.route.js": {"path":"/Users/sadiqaderinto/Downloads/codematic-3/src/routes/film.route.js","statementMap":{"0":{"start":{"line":1,"column":15},"end":{"line":1,"column":42}},"1":{"start":{"line":2,"column":17},"end":{"line":2,"column":60}},"2":{"start":{"line":4,"column":0},"end":{"line":4,"column":34}},"3":{"start":{"line":5,"column":0},"end":{"line":5,"column":33}},"4":{"start":{"line":6,"column":0},"end":{"line":6,"column":40}},"5":{"start":{"line":7,"column":0},"end":{"line":7,"column":40}},"6":{"start":{"line":8,"column":0},"end":{"line":8,"column":43}},"7":{"start":{"line":11,"column":0},"end":{"line":11,"column":23}}},"fnMap":{},"branchMap":{},"s":{"0":1,"1":1,"2":1,"3":1,"4":1,"5":1,"6":1,"7":1},"f":{},"b":{},"_coverageSchema":"1a1c01bbd47fc00a2c39e90264f33305004495a9","hash":"3df1083b967b99f21ea9e04dfcaa761d3781f46b"}
,"/Users/sadiqaderinto/Downloads/codematic-3/src/services/comment.service.js": {"path":"/Users/sadiqaderinto/Downloads/codematic-3/src/services/comment.service.js","statementMap":{"0":{"start":{"line":1,"column":16},"end":{"line":1,"column":50}},"1":{"start":{"line":2,"column":13},"end":{"line":2,"column":44}},"2":{"start":{"line":3,"column":20},"end":{"line":3,"column":52}},"3":{"start":{"line":7,"column":17},"end":{"line":7,"column":52}},"4":{"start":{"line":8,"column":4},"end":{"line":8,"column":60}},"5":{"start":{"line":8,"column":15},"end":{"line":8,"column":60}},"6":{"start":{"line":9,"column":4},"end":{"line":10,"column":65}},"7":{"start":{"line":10,"column":6},"end":{"line":10,"column":65}},"8":{"start":{"line":11,"column":19},"end":{"line":11,"column":44}},"9":{"start":{"line":12,"column":4},"end":{"line":12,"column":44}},"10":{"start":{"line":16,"column":21},"end":{"line":23,"column":5}},"11":{"start":{"line":24,"column":4},"end":{"line":24,"column":67}},"12":{"start":{"line":24,"column":19},"end":{"line":24,"column":67}},"13":{"start":{"line":26,"column":4},"end":{"line":26,"column":22}},"14":{"start":{"line":30,"column":20},"end":{"line":30,"column":73}},"15":{"start":{"line":31,"column":4},"end":{"line":31,"column":66}},"16":{"start":{"line":31,"column":18},"end":{"line":31,"column":66}},"17":{"start":{"line":33,"column":4},"end":{"line":33,"column":19}},"18":{"start":{"line":37,"column":20},"end":{"line":41,"column":5}},"19":{"start":{"line":43,"column":4},"end":{"line":43,"column":70}},"20":{"start":{"line":43,"column":18},"end":{"line":43,"column":70}},"21":{"start":{"line":45,"column":4},"end":{"line":45,"column":19}},"22":{"start":{"line":49,"column":20},"end":{"line":49,"column":61}},"23":{"start":{"line":50,"column":4},"end":{"line":50,"column":21}},"24":{"start":{"line":51,"column":4},"end":{"line":51,"column":19}},"25":{"start":{"line":55,"column":0},"end":{"line":55,"column":38}}},"fnMap":{"0":{"name":"(anonymous_0)","decl":{"start":{"line":6,"column":2},"end":{"line":6,"column":3}},"loc":{"start":{"line":6,"column":29},"end":{"line":13,"column":3}},"line":6},"1":{"name":"(anonymous_1)","decl":{"start":{"line":15,"column":2},"end":{"line":15,"column":3}},"loc":{"start":{"line":15,"column":23},"end":{"line":27,"column":3}},"line":15},"2":{"name":"(anonymous_2)","decl":{"start":{"line":29,"column":2},"end":{"line":29,"column":3}},"loc":{"start":{"line":29,"column":26},"end":{"line":34,"column":3}},"line":29},"3":{"name":"(anonymous_3)","decl":{"start":{"line":36,"column":2},"end":{"line":36,"column":3}},"loc":{"start":{"line":36,"column":32},"end":{"line":46,"column":3}},"line":36},"4":{"name":"(anonymous_4)","decl":{"start":{"line":48,"column":2},"end":{"line":48,"column":3}},"loc":{"start":{"line":48,"column":26},"end":{"line":52,"column":3}},"line":48}},"branchMap":{"0":{"loc":{"start":{"line":8,"column":4},"end":{"line":8,"column":60}},"type":"if","locations":[{"start":{"line":8,"column":4},"end":{"line":8,"column":60}},{"start":{},"end":{}}],"line":8},"1":{"loc":{"start":{"line":9,"column":4},"end":{"line":10,"column":65}},"type":"if","locations":[{"start":{"line":9,"column":4},"end":{"line":10,"column":65}},{"start":{},"end":{}}],"line":9},"2":{"loc":{"start":{"line":9,"column":8},"end":{"line":9,"column":56}},"type":"binary-expr","locations":[{"start":{"line":9,"column":8},"end":{"line":9,"column":20}},{"start":{"line":9,"column":24},"end":{"line":9,"column":56}}],"line":9},"3":{"loc":{"start":{"line":17,"column":6},"end":{"line":17,"column":36}},"type":"cond-expr","locations":[{"start":{"line":17,"column":15},"end":{"line":17,"column":31}},{"start":{"line":17,"column":34},"end":{"line":17,"column":36}}],"line":17},"4":{"loc":{"start":{"line":24,"column":4},"end":{"line":24,"column":67}},"type":"if","locations":[{"start":{"line":24,"column":4},"end":{"line":24,"column":67}},{"start":{},"end":{}}],"line":24},"5":{"loc":{"start":{"line":31,"column":4},"end":{"line":31,"column":66}},"type":"if","locations":[{"start":{"line":31,"column":4},"end":{"line":31,"column":66}},{"start":{},"end":{}}],"line":31},"6":{"loc":{"start":{"line":43,"column":4},"end":{"line":43,"column":70}},"type":"if","locations":[{"start":{"line":43,"column":4},"end":{"line":43,"column":70}},{"start":{},"end":{}}],"line":43}},"s":{"0":3,"1":3,"2":3,"3":2,"4":2,"5":0,"6":2,"7":0,"8":2,"9":2,"10":1,"11":1,"12":0,"13":1,"14":1,"15":1,"16":0,"17":1,"18":0,"19":0,"20":0,"21":0,"22":0,"23":0,"24":0,"25":3},"f":{"0":2,"1":1,"2":1,"3":0,"4":0},"b":{"0":[0,2],"1":[0,2],"2":[2,2],"3":[0,1],"4":[0,1],"5":[0,1],"6":[0,0]},"_coverageSchema":"1a1c01bbd47fc00a2c39e90264f33305004495a9","hash":"6792b7970beedde1eafd8d353c7c2be0c959c9ae"}
,"/Users/sadiqaderinto/Downloads/codematic-3/src/services/film.service.js": {"path":"/Users/sadiqaderinto/Downloads/codematic-3/src/services/film.service.js","statementMap":{"0":{"start":{"line":1,"column":13},"end":{"line":1,"column":44}},"1":{"start":{"line":2,"column":20},"end":{"line":2,"column":52}},"2":{"start":{"line":5,"column":4},"end":{"line":5,"column":39}},"3":{"start":{"line":9,"column":26},"end":{"line":11,"column":12}},"4":{"start":{"line":12,"column":4},"end":{"line":14,"column":7}},"5":{"start":{"line":13,"column":6},"end":{"line":13,"column":66}},"6":{"start":{"line":18,"column":23},"end":{"line":18,"column":70}},"7":{"start":{"line":19,"column":4},"end":{"line":19,"column":73}},"8":{"start":{"line":20,"column":4},"end":{"line":24,"column":5}},"9":{"start":{"line":21,"column":6},"end":{"line":21,"column":40}},"10":{"start":{"line":22,"column":28},"end":{"line":22,"column":54}},"11":{"start":{"line":23,"column":6},"end":{"line":23,"column":43}},"12":{"start":{"line":25,"column":4},"end":{"line":29,"column":6}},"13":{"start":{"line":33,"column":17},"end":{"line":33,"column":64}},"14":{"start":{"line":34,"column":4},"end":{"line":34,"column":60}},"15":{"start":{"line":34,"column":15},"end":{"line":34,"column":60}},"16":{"start":{"line":36,"column":4},"end":{"line":36,"column":16}},"17":{"start":{"line":40,"column":17},"end":{"line":44,"column":5}},"18":{"start":{"line":46,"column":4},"end":{"line":46,"column":64}},"19":{"start":{"line":46,"column":15},"end":{"line":46,"column":64}},"20":{"start":{"line":48,"column":4},"end":{"line":48,"column":16}},"21":{"start":{"line":52,"column":17},"end":{"line":52,"column":52}},"22":{"start":{"line":53,"column":4},"end":{"line":53,"column":18}},"23":{"start":{"line":54,"column":4},"end":{"line":54,"column":16}},"24":{"start":{"line":58,"column":0},"end":{"line":58,"column":35}}},"fnMap":{"0":{"name":"(anonymous_0)","decl":{"start":{"line":4,"column":2},"end":{"line":4,"column":3}},"loc":{"start":{"line":4,"column":21},"end":{"line":6,"column":3}},"line":4},"1":{"name":"(anonymous_1)","decl":{"start":{"line":8,"column":2},"end":{"line":8,"column":3}},"loc":{"start":{"line":8,"column":24},"end":{"line":15,"column":3}},"line":8},"2":{"name":"(anonymous_2)","decl":{"start":{"line":12,"column":37},"end":{"line":12,"column":38}},"loc":{"start":{"line":12,"column":66},"end":{"line":14,"column":5}},"line":12},"3":{"name":"(anonymous_3)","decl":{"start":{"line":17,"column":2},"end":{"line":17,"column":3}},"loc":{"start":{"line":17,"column":17},"end":{"line":30,"column":3}},"line":17},"4":{"name":"(anonymous_4)","decl":{"start":{"line":32,"column":2},"end":{"line":32,"column":3}},"loc":{"start":{"line":32,"column":23},"end":{"line":37,"column":3}},"line":32},"5":{"name":"(anonymous_5)","decl":{"start":{"line":39,"column":2},"end":{"line":39,"column":3}},"loc":{"start":{"line":39,"column":29},"end":{"line":49,"column":3}},"line":39},"6":{"name":"(anonymous_6)","decl":{"start":{"line":51,"column":2},"end":{"line":51,"column":3}},"loc":{"start":{"line":51,"column":23},"end":{"line":55,"column":3}},"line":51}},"branchMap":{"0":{"loc":{"start":{"line":20,"column":4},"end":{"line":24,"column":5}},"type":"if","locations":[{"start":{"line":20,"column":4},"end":{"line":24,"column":5}},{"start":{},"end":{}}],"line":20},"1":{"loc":{"start":{"line":34,"column":4},"end":{"line":34,"column":60}},"type":"if","locations":[{"start":{"line":34,"column":4},"end":{"line":34,"column":60}},{"start":{},"end":{}}],"line":34},"2":{"loc":{"start":{"line":46,"column":4},"end":{"line":46,"column":64}},"type":"if","locations":[{"start":{"line":46,"column":4},"end":{"line":46,"column":64}},{"start":{},"end":{}}],"line":46}},"s":{"0":3,"1":3,"2":1,"3":0,"4":0,"5":0,"6":1,"7":1,"8":1,"9":0,"10":0,"11":0,"12":1,"13":1,"14":1,"15":0,"16":1,"17":0,"18":0,"19":0,"20":0,"21":0,"22":0,"23":0,"24":3},"f":{"0":1,"1":0,"2":0,"3":1,"4":1,"5":0,"6":0},"b":{"0":[0,1],"1":[0,1],"2":[0,0]},"_coverageSchema":"1a1c01bbd47fc00a2c39e90264f33305004495a9","hash":"b8539901fb9b921e9fbf5fbd4d7304333eeab0b8"}
,"/Users/sadiqaderinto/Downloads/codematic-3/src/utils/custom-error.js": {"path":"/Users/sadiqaderinto/Downloads/codematic-3/src/utils/custom-error.js","statementMap":{"0":{"start":{"line":10,"column":10},"end":{"line":10,"column":25}},"1":{"start":{"line":11,"column":10},"end":{"line":11,"column":44}},"2":{"start":{"line":12,"column":10},"end":{"line":12,"column":41}},"3":{"start":{"line":16,"column":0},"end":{"line":16,"column":28}}},"fnMap":{"0":{"name":"(anonymous_0)","decl":{"start":{"line":9,"column":5},"end":{"line":9,"column":6}},"loc":{"start":{"line":9,"column":38},"end":{"line":13,"column":6}},"line":9}},"branchMap":{"0":{"loc":{"start":{"line":12,"column":24},"end":{"line":12,"column":41}},"type":"binary-expr","locations":[{"start":{"line":12,"column":24},"end":{"line":12,"column":34}},{"start":{"line":12,"column":38},"end":{"line":12,"column":41}}],"line":12}},"s":{"0":1,"1":1,"2":1,"3":7},"f":{"0":1},"b":{"0":[1,1]},"_coverageSchema":"1a1c01bbd47fc00a2c39e90264f33305004495a9","hash":"9f1fb9804bbd0a562fa6caee88bd6b88cce17c3e"}
,"/Users/sadiqaderinto/Downloads/codematic-3/src/utils/response.js": {"path":"/Users/sadiqaderinto/Downloads/codematic-3/src/utils/response.js","statementMap":{"0":{"start":{"line":10,"column":2},"end":{"line":14,"column":4}},"1":{"start":{"line":18,"column":2},"end":{"line":18,"column":21}},"2":{"start":{"line":18,"column":12},"end":{"line":18,"column":21}},"3":{"start":{"line":21,"column":2},"end":{"line":21,"column":51}},"4":{"start":{"line":24,"column":0},"end":{"line":24,"column":25}}},"fnMap":{"0":{"name":"response","decl":{"start":{"line":9,"column":9},"end":{"line":9,"column":17}},"loc":{"start":{"line":9,"column":42},"end":{"line":15,"column":1}},"line":9},"1":{"name":"formatMesaage","decl":{"start":{"line":17,"column":9},"end":{"line":17,"column":22}},"loc":{"start":{"line":17,"column":28},"end":{"line":22,"column":1}},"line":17}},"branchMap":{"0":{"loc":{"start":{"line":12,"column":10},"end":{"line":12,"column":22}},"type":"binary-expr","locations":[{"start":{"line":12,"column":10},"end":{"line":12,"column":14}},{"start":{"line":12,"column":18},"end":{"line":12,"column":22}}],"line":12},"1":{"loc":{"start":{"line":13,"column":13},"end":{"line":13,"column":45}},"type":"cond-expr","locations":[{"start":{"line":13,"column":31},"end":{"line":13,"column":35}},{"start":{"line":13,"column":38},"end":{"line":13,"column":45}}],"line":13},"2":{"loc":{"start":{"line":18,"column":2},"end":{"line":18,"column":21}},"type":"if","locations":[{"start":{"line":18,"column":2},"end":{"line":18,"column":21}},{"start":{},"end":{}}],"line":18}},"s":{"0":16,"1":16,"2":1,"3":15,"4":5},"f":{"0":16,"1":16},"b":{"0":[16,0],"1":[14,2],"2":[1,15]},"_coverageSchema":"1a1c01bbd47fc00a2c39e90264f33305004495a9","hash":"f75fbd88a26fd37e6bb4e3998d4c98904b886f36"}
}
