{"/Users/sadiqaderinto/Downloads/codematic-3/src/controllers/comment.controller.js": {"path":"/Users/sadiqaderinto/Downloads/codematic-3/src/controllers/comment.controller.js","statementMap":{"0":{"start":{"line":1,"column":20},"end":{"line":1,"column":58}},"1":{"start":{"line":2,"column":17},"end":{"line":2,"column":45}},"2":{"start":{"line":6,"column":19},"end":{"line":6,"column":36}},"3":{"start":{"line":7,"column":19},"end":{"line":7,"column":61}},"4":{"start":{"line":8,"column":4},"end":{"line":8,"column":62}},"5":{"start":{"line":12,"column":19},"end":{"line":12,"column":36}},"6":{"start":{"line":14,"column":19},"end":{"line":14,"column":51}},"7":{"start":{"line":16,"column":4},"end":{"line":16,"column":59}},"8":{"start":{"line":20,"column":19},"end":{"line":23,"column":5}},"9":{"start":{"line":24,"column":4},"end":{"line":24,"column":62}},"10":{"start":{"line":28,"column":19},"end":{"line":28,"column":65}},"11":{"start":{"line":29,"column":4},"end":{"line":29,"column":62}},"12":{"start":{"line":33,"column":0},"end":{"line":33,"column":40}}},"fnMap":{"0":{"name":"(anonymous_0)","decl":{"start":{"line":5,"column":2},"end":{"line":5,"column":3}},"loc":{"start":{"line":5,"column":25},"end":{"line":9,"column":3}},"line":5},"1":{"name":"(anonymous_1)","decl":{"start":{"line":11,"column":2},"end":{"line":11,"column":3}},"loc":{"start":{"line":11,"column":25},"end":{"line":17,"column":3}},"line":11},"2":{"name":"(anonymous_2)","decl":{"start":{"line":19,"column":2},"end":{"line":19,"column":3}},"loc":{"start":{"line":19,"column":25},"end":{"line":25,"column":3}},"line":19},"3":{"name":"(anonymous_3)","decl":{"start":{"line":27,"column":2},"end":{"line":27,"column":3}},"loc":{"start":{"line":27,"column":25},"end":{"line":30,"column":3}},"line":27}},"branchMap":{},"s":{"0":2,"1":2,"2":1,"3":1,"4":1,"5":1,"6":1,"7":1,"8":0,"9":0,"10":0,"11":0,"12":2},"f":{"0":1,"1":1,"2":0,"3":0},"b":{},"_coverageSchema":"1a1c01bbd47fc00a2c39e90264f33305004495a9","hash":"727cf5952ec4440a2e692c1bcc31d286560ff36b"}
,"/Users/sadiqaderinto/Downloads/codematic-3/src/controllers/film.controller.js": {"path":"/Users/sadiqaderinto/Downloads/codematic-3/src/controllers/film.controller.js","statementMap":{"0":{"start":{"line":1,"column":17},"end":{"line":1,"column":52}},"1":{"start":{"line":2,"column":17},"end":{"line":2,"column":45}},"2":{"start":{"line":7,"column":19},"end":{"line":7,"column":42}},"3":{"start":{"line":8,"column":4},"end":{"line":8,"column":56}},"4":{"start":{"line":12,"column":19},"end":{"line":12,"column":59}},"5":{"start":{"line":13,"column":4},"end":{"line":13,"column":56}},"6":{"start":{"line":17,"column":0},"end":{"line":17,"column":37}}},"fnMap":{"0":{"name":"(anonymous_0)","decl":{"start":{"line":6,"column":2},"end":{"line":6,"column":3}},"loc":{"start":{"line":6,"column":25},"end":{"line":9,"column":3}},"line":6},"1":{"name":"(anonymous_1)","decl":{"start":{"line":11,"column":2},"end":{"line":11,"column":3}},"loc":{"start":{"line":11,"column":25},"end":{"line":14,"column":3}},"line":11}},"branchMap":{},"s":{"0":2,"1":2,"2":1,"3":1,"4":1,"5":1,"6":2},"f":{"0":1,"1":1},"b":{},"_coverageSchema":"1a1c01bbd47fc00a2c39e90264f33305004495a9","hash":"55496bff762044e96b2156d9139322ea5c95beae"}
,"/Users/sadiqaderinto/Downloads/codematic-3/src/models/comment.model.js": {"path":"/Users/sadiqaderinto/Downloads/codematic-3/src/models/comment.model.js","statementMap":{"0":{"start":{"line":1,"column":17},"end":{"line":1,"column":36}},"1":{"start":{"line":3,"column":13},"end":{"line":3,"column":36}},"2":{"start":{"line":4,"column":15},"end":{"line":4,"column":30}},"3":{"start":{"line":6,"column":22},"end":{"line":22,"column":1}},"4":{"start":{"line":24,"column":0},"end":{"line":29,"column":3}},"5":{"start":{"line":25,"column":15},"end":{"line":28,"column":3}},"6":{"start":{"line":30,"column":0},"end":{"line":35,"column":3}},"7":{"start":{"line":31,"column":15},"end":{"line":34,"column":3}},"8":{"start":{"line":37,"column":0},"end":{"line":37,"column":59}}},"fnMap":{"0":{"name":"(anonymous_0)","decl":{"start":{"line":24,"column":27},"end":{"line":24,"column":28}},"loc":{"start":{"line":24,"column":49},"end":{"line":29,"column":1}},"line":24},"1":{"name":"(anonymous_1)","decl":{"start":{"line":30,"column":29},"end":{"line":30,"column":30}},"loc":{"start":{"line":30,"column":51},"end":{"line":35,"column":1}},"line":30}},"branchMap":{},"s":{"0":3,"1":3,"2":3,"3":3,"4":3,"5":2,"6":3,"7":0,"8":3},"f":{"0":2,"1":0},"b":{},"_coverageSchema":"1a1c01bbd47fc00a2c39e90264f33305004495a9","hash":"a0691a7c53f5369a6cddb01b770b99439a5df211"}
,"/Users/sadiqaderinto/Downloads/codematic-3/src/models/film.model.js": {"path":"/Users/sadiqaderinto/Downloads/codematic-3/src/models/film.model.js","statementMap":{"0":{"start":{"line":1,"column":17},"end":{"line":1,"column":36}},"1":{"start":{"line":2,"column":15},"end":{"line":2,"column":30}},"2":{"start":{"line":4,"column":19},"end":{"line":21,"column":2}},"3":{"start":{"line":23,"column":0},"end":{"line":23,"column":53}}},"fnMap":{},"branchMap":{},"s":{"0":6,"1":6,"2":6,"3":6},"f":{},"b":{},"_coverageSchema":"1a1c01bbd47fc00a2c39e90264f33305004495a9","hash":"dac77c49599132cb78a3cf87fdd12e5cacac6402"}
,"/Users/sadiqaderinto/Downloads/codematic-3/src/routes/comment.route.js": {"path":"/Users/sadiqaderinto/Downloads/codematic-3/src/routes/comment.route.js","statementMap":{"0":{"start":{"line":1,"column":15},"end":{"line":1,"column":42}},"1":{"start":{"line":2,"column":20},"end":{"line":2,"column":66}},"2":{"start":{"line":4,"column":0},"end":{"line":4,"column":49}},"3":{"start":{"line":5,"column":0},"end":{"line":5,"column":48}},"4":{"start":{"line":6,"column":0},"end":{"line":6,"column":46}},"5":{"start":{"line":7,"column":0},"end":{"line":7,"column":48}},"6":{"start":{"line":14,"column":0},"end":{"line":14,"column":23}}},"fnMap":{},"branchMap":{},"s":{"0":1,"1":1,"2":1,"3":1,"4":1,"5":1,"6":1},"f":{},"b":{},"_coverageSchema":"1a1c01bbd47fc00a2c39e90264f33305004495a9","hash":"edb8a8e6805aa0d48fce3442d67039232426884c"}
,"/Users/sadiqaderinto/Downloads/codematic-3/src/routes/film.route.js": {"path":"/Users/sadiqaderinto/Downloads/codematic-3/src/routes/film.route.js","statementMap":{"0":{"start":{"line":1,"column":15},"end":{"line":1,"column":42}},"1":{"start":{"line":2,"column":17},"end":{"line":2,"column":60}},"2":{"start":{"line":5,"column":0},"end":{"line":5,"column":33}},"3":{"start":{"line":6,"column":0},"end":{"line":6,"column":40}},"4":{"start":{"line":10,"column":0},"end":{"line":10,"column":23}}},"fnMap":{},"branchMap":{},"s":{"0":1,"1":1,"2":1,"3":1,"4":1},"f":{},"b":{},"_coverageSchema":"1a1c01bbd47fc00a2c39e90264f33305004495a9","hash":"5a07f1b6bc36bc39b5428db03990bee7ef74c17c"}
,"/Users/sadiqaderinto/Downloads/codematic-3/src/services/comment.service.js": {"path":"/Users/sadiqaderinto/Downloads/codematic-3/src/services/comment.service.js","statementMap":{"0":{"start":{"line":1,"column":16},"end":{"line":1,"column":50}},"1":{"start":{"line":2,"column":13},"end":{"line":2,"column":44}},"2":{"start":{"line":3,"column":20},"end":{"line":3,"column":52}},"3":{"start":{"line":7,"column":17},"end":{"line":7,"column":52}},"4":{"start":{"line":8,"column":4},"end":{"line":8,"column":60}},"5":{"start":{"line":8,"column":15},"end":{"line":8,"column":60}},"6":{"start":{"line":9,"column":4},"end":{"line":10,"column":65}},"7":{"start":{"line":10,"column":6},"end":{"line":10,"column":65}},"8":{"start":{"line":11,"column":19},"end":{"line":11,"column":44}},"9":{"start":{"line":12,"column":4},"end":{"line":12,"column":44}},"10":{"start":{"line":16,"column":21},"end":{"line":23,"column":5}},"11":{"start":{"line":24,"column":4},"end":{"line":24,"column":72}},"12":{"start":{"line":24,"column":19},"end":{"line":24,"column":72}},"13":{"start":{"line":26,"column":4},"end":{"line":26,"column":22}},"14":{"start":{"line":32,"column":20},"end":{"line":36,"column":5}},"15":{"start":{"line":38,"column":4},"end":{"line":38,"column":70}},"16":{"start":{"line":38,"column":18},"end":{"line":38,"column":70}},"17":{"start":{"line":40,"column":4},"end":{"line":40,"column":19}},"18":{"start":{"line":44,"column":20},"end":{"line":44,"column":61}},"19":{"start":{"line":45,"column":4},"end":{"line":45,"column":21}},"20":{"start":{"line":46,"column":4},"end":{"line":46,"column":19}},"21":{"start":{"line":52,"column":1},"end":{"line":52,"column":39}}},"fnMap":{"0":{"name":"(anonymous_0)","decl":{"start":{"line":6,"column":2},"end":{"line":6,"column":3}},"loc":{"start":{"line":6,"column":29},"end":{"line":13,"column":3}},"line":6},"1":{"name":"(anonymous_1)","decl":{"start":{"line":15,"column":2},"end":{"line":15,"column":3}},"loc":{"start":{"line":15,"column":23},"end":{"line":27,"column":3}},"line":15},"2":{"name":"(anonymous_2)","decl":{"start":{"line":31,"column":2},"end":{"line":31,"column":3}},"loc":{"start":{"line":31,"column":32},"end":{"line":41,"column":3}},"line":31},"3":{"name":"(anonymous_3)","decl":{"start":{"line":43,"column":2},"end":{"line":43,"column":3}},"loc":{"start":{"line":43,"column":26},"end":{"line":47,"column":3}},"line":43}},"branchMap":{"0":{"loc":{"start":{"line":8,"column":4},"end":{"line":8,"column":60}},"type":"if","locations":[{"start":{"line":8,"column":4},"end":{"line":8,"column":60}},{"start":{},"end":{}}],"line":8},"1":{"loc":{"start":{"line":9,"column":4},"end":{"line":10,"column":65}},"type":"if","locations":[{"start":{"line":9,"column":4},"end":{"line":10,"column":65}},{"start":{},"end":{}}],"line":9},"2":{"loc":{"start":{"line":9,"column":8},"end":{"line":9,"column":56}},"type":"binary-expr","locations":[{"start":{"line":9,"column":8},"end":{"line":9,"column":20}},{"start":{"line":9,"column":24},"end":{"line":9,"column":56}}],"line":9},"3":{"loc":{"start":{"line":17,"column":6},"end":{"line":17,"column":36}},"type":"cond-expr","locations":[{"start":{"line":17,"column":15},"end":{"line":17,"column":31}},{"start":{"line":17,"column":34},"end":{"line":17,"column":36}}],"line":17},"4":{"loc":{"start":{"line":24,"column":4},"end":{"line":24,"column":72}},"type":"if","locations":[{"start":{"line":24,"column":4},"end":{"line":24,"column":72}},{"start":{},"end":{}}],"line":24},"5":{"loc":{"start":{"line":38,"column":4},"end":{"line":38,"column":70}},"type":"if","locations":[{"start":{"line":38,"column":4},"end":{"line":38,"column":70}},{"start":{},"end":{}}],"line":38}},"s":{"0":3,"1":3,"2":3,"3":2,"4":2,"5":0,"6":2,"7":0,"8":2,"9":2,"10":1,"11":1,"12":0,"13":1,"14":0,"15":0,"16":0,"17":0,"18":0,"19":0,"20":0,"21":3},"f":{"0":2,"1":1,"2":0,"3":0},"b":{"0":[0,2],"1":[0,2],"2":[2,2],"3":[0,1],"4":[0,1],"5":[0,0]},"_coverageSchema":"1a1c01bbd47fc00a2c39e90264f33305004495a9","hash":"896e7ddeb9c8844f799b79eaea64f3c30337f0b1"}
,"/Users/sadiqaderinto/Downloads/codematic-3/src/services/film.service.js": {"path":"/Users/sadiqaderinto/Downloads/codematic-3/src/services/film.service.js","statementMap":{"0":{"start":{"line":1,"column":13},"end":{"line":1,"column":44}},"1":{"start":{"line":2,"column":20},"end":{"line":2,"column":52}},"2":{"start":{"line":7,"column":26},"end":{"line":9,"column":12}},"3":{"start":{"line":10,"column":4},"end":{"line":12,"column":7}},"4":{"start":{"line":11,"column":6},"end":{"line":11,"column":66}},"5":{"start":{"line":16,"column":23},"end":{"line":16,"column":70}},"6":{"start":{"line":18,"column":4},"end":{"line":21,"column":5}},"7":{"start":{"line":19,"column":28},"end":{"line":19,"column":54}},"8":{"start":{"line":20,"column":6},"end":{"line":20,"column":43}},"9":{"start":{"line":22,"column":4},"end":{"line":26,"column":6}},"10":{"start":{"line":30,"column":17},"end":{"line":30,"column":64}},"11":{"start":{"line":31,"column":4},"end":{"line":31,"column":60}},"12":{"start":{"line":31,"column":15},"end":{"line":31,"column":60}},"13":{"start":{"line":33,"column":4},"end":{"line":33,"column":16}},"14":{"start":{"line":39,"column":0},"end":{"line":39,"column":35}}},"fnMap":{"0":{"name":"(anonymous_0)","decl":{"start":{"line":6,"column":2},"end":{"line":6,"column":3}},"loc":{"start":{"line":6,"column":24},"end":{"line":13,"column":3}},"line":6},"1":{"name":"(anonymous_1)","decl":{"start":{"line":10,"column":37},"end":{"line":10,"column":38}},"loc":{"start":{"line":10,"column":66},"end":{"line":12,"column":5}},"line":10},"2":{"name":"(anonymous_2)","decl":{"start":{"line":15,"column":2},"end":{"line":15,"column":3}},"loc":{"start":{"line":15,"column":17},"end":{"line":27,"column":3}},"line":15},"3":{"name":"(anonymous_3)","decl":{"start":{"line":29,"column":2},"end":{"line":29,"column":3}},"loc":{"start":{"line":29,"column":23},"end":{"line":34,"column":3}},"line":29}},"branchMap":{"0":{"loc":{"start":{"line":18,"column":4},"end":{"line":21,"column":5}},"type":"if","locations":[{"start":{"line":18,"column":4},"end":{"line":21,"column":5}},{"start":{},"end":{}}],"line":18},"1":{"loc":{"start":{"line":31,"column":4},"end":{"line":31,"column":60}},"type":"if","locations":[{"start":{"line":31,"column":4},"end":{"line":31,"column":60}},{"start":{},"end":{}}],"line":31}},"s":{"0":3,"1":3,"2":0,"3":0,"4":0,"5":1,"6":1,"7":0,"8":0,"9":1,"10":1,"11":1,"12":0,"13":1,"14":3},"f":{"0":0,"1":0,"2":1,"3":1},"b":{"0":[0,1],"1":[0,1]},"_coverageSchema":"1a1c01bbd47fc00a2c39e90264f33305004495a9","hash":"9b11be26618c4c19839b7c62f28d75dfd68f15f1"}
,"/Users/sadiqaderinto/Downloads/codematic-3/src/utils/custom-error.js": {"path":"/Users/sadiqaderinto/Downloads/codematic-3/src/utils/custom-error.js","statementMap":{"0":{"start":{"line":10,"column":10},"end":{"line":10,"column":25}},"1":{"start":{"line":11,"column":10},"end":{"line":11,"column":44}},"2":{"start":{"line":12,"column":10},"end":{"line":12,"column":41}},"3":{"start":{"line":16,"column":0},"end":{"line":16,"column":28}}},"fnMap":{"0":{"name":"(anonymous_0)","decl":{"start":{"line":9,"column":5},"end":{"line":9,"column":6}},"loc":{"start":{"line":9,"column":38},"end":{"line":13,"column":6}},"line":9}},"branchMap":{"0":{"loc":{"start":{"line":12,"column":24},"end":{"line":12,"column":41}},"type":"binary-expr","locations":[{"start":{"line":12,"column":24},"end":{"line":12,"column":34}},{"start":{"line":12,"column":38},"end":{"line":12,"column":41}}],"line":12}},"s":{"0":1,"1":1,"2":1,"3":7},"f":{"0":1},"b":{"0":[1,1]},"_coverageSchema":"1a1c01bbd47fc00a2c39e90264f33305004495a9","hash":"9f1fb9804bbd0a562fa6caee88bd6b88cce17c3e"}
,"/Users/sadiqaderinto/Downloads/codematic-3/src/utils/response.js": {"path":"/Users/sadiqaderinto/Downloads/codematic-3/src/utils/response.js","statementMap":{"0":{"start":{"line":10,"column":2},"end":{"line":14,"column":4}},"1":{"start":{"line":18,"column":2},"end":{"line":18,"column":21}},"2":{"start":{"line":18,"column":12},"end":{"line":18,"column":21}},"3":{"start":{"line":21,"column":2},"end":{"line":21,"column":51}},"4":{"start":{"line":24,"column":0},"end":{"line":24,"column":25}}},"fnMap":{"0":{"name":"response","decl":{"start":{"line":9,"column":9},"end":{"line":9,"column":17}},"loc":{"start":{"line":9,"column":42},"end":{"line":15,"column":1}},"line":9},"1":{"name":"formatMesaage","decl":{"start":{"line":17,"column":9},"end":{"line":17,"column":22}},"loc":{"start":{"line":17,"column":28},"end":{"line":22,"column":1}},"line":17}},"branchMap":{"0":{"loc":{"start":{"line":12,"column":10},"end":{"line":12,"column":22}},"type":"binary-expr","locations":[{"start":{"line":12,"column":10},"end":{"line":12,"column":14}},{"start":{"line":12,"column":18},"end":{"line":12,"column":22}}],"line":12},"1":{"loc":{"start":{"line":13,"column":13},"end":{"line":13,"column":45}},"type":"cond-expr","locations":[{"start":{"line":13,"column":31},"end":{"line":13,"column":35}},{"start":{"line":13,"column":38},"end":{"line":13,"column":45}}],"line":13},"2":{"loc":{"start":{"line":18,"column":2},"end":{"line":18,"column":21}},"type":"if","locations":[{"start":{"line":18,"column":2},"end":{"line":18,"column":21}},{"start":{},"end":{}}],"line":18}},"s":{"0":10,"1":10,"2":1,"3":9,"4":5},"f":{"0":10,"1":10},"b":{"0":[10,0],"1":[8,2],"2":[1,9]},"_coverageSchema":"1a1c01bbd47fc00a2c39e90264f33305004495a9","hash":"f75fbd88a26fd37e6bb4e3998d4c98904b886f36"}
}
