TN:
SF:src/controllers/comment.controller.js
FN:5,(anonymous_0)
FN:11,(anonymous_1)
FN:19,(anonymous_2)
FN:27,(anonymous_3)
FNF:4
FNH:2
FNDA:1,(anonymous_0)
FNDA:1,(anonymous_1)
FNDA:0,(anonymous_2)
FNDA:0,(anonymous_3)
DA:1,2
DA:2,2
DA:6,1
DA:7,1
DA:8,1
DA:12,1
DA:14,1
DA:16,1
DA:20,0
DA:24,0
DA:28,0
DA:29,0
DA:33,2
LF:13
LH:9
BRF:0
BRH:0
end_of_record
TN:
SF:src/controllers/film.controller.js
FN:6,(anonymous_0)
FN:11,(anonymous_1)
FNF:2
FNH:2
FNDA:1,(anonymous_0)
FNDA:1,(anonymous_1)
DA:1,2
DA:2,2
DA:7,1
DA:8,1
DA:12,1
DA:13,1
DA:17,2
LF:7
LH:7
BRF:0
BRH:0
end_of_record
TN:
SF:src/models/comment.model.js
FN:24,(anonymous_0)
FN:30,(anonymous_1)
FNF:2
FNH:1
FNDA:2,(anonymous_0)
FNDA:0,(anonymous_1)
DA:1,3
DA:3,3
DA:4,3
DA:6,3
DA:24,3
DA:25,2
DA:30,3
DA:31,0
DA:37,3
LF:9
LH:8
BRF:0
BRH:0
end_of_record
TN:
SF:src/models/film.model.js
FNF:0
FNH:0
DA:1,6
DA:2,6
DA:4,6
DA:23,6
LF:4
LH:4
BRF:0
BRH:0
end_of_record
TN:
SF:src/routes/comment.route.js
FNF:0
FNH:0
DA:1,1
DA:2,1
DA:4,1
DA:5,1
DA:6,1
DA:7,1
DA:14,1
LF:7
LH:7
BRF:0
BRH:0
end_of_record
TN:
SF:src/routes/film.route.js
FNF:0
FNH:0
DA:1,1
DA:2,1
DA:5,1
DA:6,1
DA:10,1
LF:5
LH:5
BRF:0
BRH:0
end_of_record
TN:
SF:src/services/comment.service.js
FN:6,(anonymous_0)
FN:15,(anonymous_1)
FN:31,(anonymous_2)
FN:43,(anonymous_3)
FNF:4
FNH:2
FNDA:2,(anonymous_0)
FNDA:1,(anonymous_1)
FNDA:0,(anonymous_2)
FNDA:0,(anonymous_3)
DA:1,3
DA:2,3
DA:3,3
DA:7,2
DA:8,2
DA:9,2
DA:10,0
DA:11,2
DA:12,2
DA:16,1
DA:24,1
DA:26,1
DA:32,0
DA:38,0
DA:40,0
DA:44,0
DA:45,0
DA:46,0
DA:52,3
LF:19
LH:12
BRDA:8,0,0,0
BRDA:8,0,1,2
BRDA:9,1,0,0
BRDA:9,1,1,2
BRDA:9,2,0,2
BRDA:9,2,1,2
BRDA:17,3,0,0
BRDA:17,3,1,1
BRDA:24,4,0,0
BRDA:24,4,1,1
BRDA:38,5,0,0
BRDA:38,5,1,0
BRF:12
BRH:6
end_of_record
TN:
SF:src/services/film.service.js
FN:6,(anonymous_0)
FN:10,(anonymous_1)
FN:15,(anonymous_2)
FN:29,(anonymous_3)
FNF:4
FNH:2
FNDA:0,(anonymous_0)
FNDA:0,(anonymous_1)
FNDA:1,(anonymous_2)
FNDA:1,(anonymous_3)
DA:1,3
DA:2,3
DA:7,0
DA:10,0
DA:11,0
DA:16,1
DA:18,1
DA:19,0
DA:20,0
DA:22,1
DA:30,1
DA:31,1
DA:33,1
DA:39,3
LF:14
LH:9
BRDA:18,0,0,0
BRDA:18,0,1,1
BRDA:31,1,0,0
BRDA:31,1,1,1
BRF:4
BRH:2
end_of_record
TN:
SF:src/utils/custom-error.js
FN:9,(anonymous_0)
FNF:1
FNH:1
FNDA:1,(anonymous_0)
DA:10,1
DA:11,1
DA:12,1
DA:16,7
LF:4
LH:4
BRDA:12,0,0,1
BRDA:12,0,1,1
BRF:2
BRH:2
end_of_record
TN:
SF:src/utils/response.js
FN:9,response
FN:17,formatMesaage
FNF:2
FNH:2
FNDA:10,response
FNDA:10,formatMesaage
DA:10,10
DA:18,10
DA:21,9
DA:24,5
LF:4
LH:4
BRDA:12,0,0,10
BRDA:12,0,1,0
BRDA:13,1,0,8
BRDA:13,1,1,2
BRDA:18,2,0,1
BRDA:18,2,1,9
BRF:6
BRH:5
end_of_record
